[12Feb2025 15:31:23.578] [main/INFO] [cpw.mods.modlauncher.Launcher/MODLAUNCHER]: ModLauncher running: args [--launchTarget, forgeserver, --fml.forgeVersion, 47.3.7, --fml.mcVersion, 1.20.1, --fml.forgeGroup, net.minecraftforge, --fml.mcpVersion, 20230612.114412, nogui]
[12Feb2025 15:31:23.584] [main/INFO] [cpw.mods.modlauncher.Launcher/MODLAUNCHER]: ModLauncher 10.0.9+10.0.9+main.dcd20f30 starting: java version 17.0.14 by Ubuntu; OS Linux arch amd64 version 6.5.0-1025-azure
[12Feb2025 15:31:23.618] [main/DEBUG] [cpw.mods.modlauncher.LaunchServiceHandler/MODLAUNCHER]: Found launch services [fmlclientdev,forgeclient,minecraft,forgegametestserverdev,fmlserveruserdev,fmlclient,fmldatauserdev,forgeserverdev,forgeserveruserdev,forgeclientdev,forgeclientuserdev,forgeserver,forgedatadev,fmlserver,fmlclientuserdev,fmlserverdev,forgedatauserdev,testharness,forgegametestserveruserdev]
[12Feb2025 15:31:23.639] [main/DEBUG] [cpw.mods.modlauncher.NameMappingServiceHandler/MODLAUNCHER]: Found naming services : [srgtomcp]
[12Feb2025 15:31:23.657] [main/DEBUG] [cpw.mods.modlauncher.LaunchPluginHandler/MODLAUNCHER]: Found launch plugins: [mixin,eventbus,slf4jfixer,object_holder_definalize,runtime_enum_extender,capability_token_subclass,accesstransformer,runtimedistcleaner]
[12Feb2025 15:31:23.677] [main/DEBUG] [cpw.mods.modlauncher.TransformationServicesHandler/MODLAUNCHER]: Discovering transformation services
[12Feb2025 15:31:23.685] [main/DEBUG] [net.minecraftforge.fml.loading.FMLPaths/CORE]: Path GAMEDIR is /workspaces/Servidor1/servidor_minecraft
[12Feb2025 15:31:23.685] [main/DEBUG] [net.minecraftforge.fml.loading.FMLPaths/CORE]: Path MODSDIR is /workspaces/Servidor1/servidor_minecraft/mods
[12Feb2025 15:31:23.685] [main/DEBUG] [net.minecraftforge.fml.loading.FMLPaths/CORE]: Path CONFIGDIR is /workspaces/Servidor1/servidor_minecraft/config
[12Feb2025 15:31:23.686] [main/DEBUG] [net.minecraftforge.fml.loading.FMLPaths/CORE]: Path FMLCONFIG is /workspaces/Servidor1/servidor_minecraft/config/fml.toml
[12Feb2025 15:31:26.334] [main/DEBUG] [cpw.mods.modlauncher.TransformationServicesHandler/MODLAUNCHER]: Found additional transformation services from discovery services: [/workspaces/Servidor1/servidor_minecraft/mods/Connector-1.0.0-beta.46+1.20.1.jar][/workspaces/Servidor1/servidor_minecraft/mods/Connector-1.0.0-beta.46+1.20.1.jar][/workspaces/Servidor1/servidor_minecraft/mods/Connector-1.0.0-beta.46+1.20.1.jar]
[12Feb2025 15:31:26.369] [main/INFO] [net.minecraftforge.fml.loading.ImmediateWindowHandler/]: ImmediateWindowProvider not loading because launch target is forgeserver
[12Feb2025 15:31:26.388] [main/INFO] [mixin-transmog/]: Mixin Transmogrifier is definitely up to no good...
[12Feb2025 15:31:26.432] [main/DEBUG] [mixin-transmog/]: Replaced the mixin launch plugin
[12Feb2025 15:31:26.433] [main/INFO] [mixin-transmog/]: crimes against java were committed
[12Feb2025 15:31:26.438] [main/DEBUG] [cpw.mods.modlauncher.TransformationServicesHandler/MODLAUNCHER]: Found transformer services : [mixin,fml,mixin-transmogrifier,connector_loader]
[12Feb2025 15:31:26.439] [main/DEBUG] [cpw.mods.modlauncher.TransformationServicesHandler/MODLAUNCHER]: Transformation services loading
[12Feb2025 15:31:26.441] [main/DEBUG] [cpw.mods.modlauncher.TransformationServiceDecorator/MODLAUNCHER]: Loading service mixin
[12Feb2025 15:31:26.441] [main/DEBUG] [cpw.mods.modlauncher.TransformationServiceDecorator/MODLAUNCHER]: Loaded service mixin
[12Feb2025 15:31:26.442] [main/DEBUG] [cpw.mods.modlauncher.TransformationServiceDecorator/MODLAUNCHER]: Loading service fml
[12Feb2025 15:31:26.443] [main/DEBUG] [net.minecraftforge.fml.loading.LauncherVersion/CORE]: Found FMLLauncher version 1.0
[12Feb2025 15:31:26.443] [main/DEBUG] [net.minecraftforge.fml.loading.FMLLoader/CORE]: FML 1.0 loading
[12Feb2025 15:31:26.443] [main/DEBUG] [net.minecraftforge.fml.loading.FMLLoader/CORE]: FML found ModLauncher version : 10.0.9+10.0.9+main.dcd20f30
[12Feb2025 15:31:26.444] [main/DEBUG] [net.minecraftforge.fml.loading.FMLLoader/CORE]: FML found AccessTransformer version : 8.0.4+66+master.c09db6d7
[12Feb2025 15:31:26.444] [main/DEBUG] [net.minecraftforge.fml.loading.FMLLoader/CORE]: FML found EventBus version : 6.0.5+6.0.5+master.eb8e549b
[12Feb2025 15:31:26.445] [main/DEBUG] [net.minecraftforge.fml.loading.FMLLoader/CORE]: Found Runtime Dist Cleaner
[12Feb2025 15:31:26.447] [main/DEBUG] [net.minecraftforge.fml.loading.FMLLoader/CORE]: FML found CoreMod version : 5.1.6
[12Feb2025 15:31:26.447] [main/DEBUG] [net.minecraftforge.fml.loading.FMLLoader/CORE]: Found ForgeSPI package implementation version 7.0.1+7.0.1+master.d2b38bf6
[12Feb2025 15:31:26.448] [main/DEBUG] [net.minecraftforge.fml.loading.FMLLoader/CORE]: Found ForgeSPI package specification 5
[12Feb2025 15:31:26.448] [main/DEBUG] [cpw.mods.modlauncher.TransformationServiceDecorator/MODLAUNCHER]: Loaded service fml
[12Feb2025 15:31:26.449] [main/DEBUG] [cpw.mods.modlauncher.TransformationServiceDecorator/MODLAUNCHER]: Loading service mixin-transmogrifier
[12Feb2025 15:31:26.449] [main/DEBUG] [mixin-transmog/]: onLoad called
[12Feb2025 15:31:26.450] [main/DEBUG] [mixin-transmog/]: mixin, fml, mixin-transmogrifier, connector_loader
[12Feb2025 15:31:26.451] [main/DEBUG] [cpw.mods.modlauncher.TransformationServiceDecorator/MODLAUNCHER]: Loading service mixin
[12Feb2025 15:31:26.451] [main/DEBUG] [cpw.mods.modlauncher.TransformationServiceDecorator/MODLAUNCHER]: Loaded service mixin
[12Feb2025 15:31:26.451] [main/DEBUG] [cpw.mods.modlauncher.TransformationServiceDecorator/MODLAUNCHER]: Loaded service mixin-transmogrifier
[12Feb2025 15:31:26.452] [main/DEBUG] [cpw.mods.modlauncher.TransformationServiceDecorator/MODLAUNCHER]: Loading service connector_loader
[12Feb2025 15:31:26.454] [main/DEBUG] [cpw.mods.modlauncher.TransformationServiceDecorator/MODLAUNCHER]: Loaded service connector_loader
[12Feb2025 15:31:26.454] [main/DEBUG] [cpw.mods.modlauncher.TransformationServicesHandler/MODLAUNCHER]: Configuring option handling for services
[12Feb2025 15:31:26.466] [main/DEBUG] [cpw.mods.modlauncher.TransformationServicesHandler/MODLAUNCHER]: Transformation services initializing
[12Feb2025 15:31:26.467] [main/DEBUG] [cpw.mods.modlauncher.TransformationServiceDecorator/MODLAUNCHER]: Initializing transformation service mixin
[12Feb2025 15:31:26.467] [main/INFO] [mixin-transmog/]: Original mixin transformation service successfully crobbed by mixin-transmogrifier!
[12Feb2025 15:31:26.469] [main/DEBUG] [cpw.mods.modlauncher.TransformationServiceDecorator/MODLAUNCHER]: Initialized transformation service mixin
[12Feb2025 15:31:26.469] [main/DEBUG] [cpw.mods.modlauncher.TransformationServiceDecorator/MODLAUNCHER]: Initializing transformation service fml
[12Feb2025 15:31:26.470] [main/DEBUG] [net.minecraftforge.fml.loading.FMLServiceProvider/CORE]: Setting up basic FML game directories
[12Feb2025 15:31:26.471] [main/DEBUG] [net.minecraftforge.fml.loading.FMLPaths/CORE]: Path GAMEDIR is /workspaces/Servidor1/servidor_minecraft
[12Feb2025 15:31:26.471] [main/DEBUG] [net.minecraftforge.fml.loading.FMLPaths/CORE]: Path MODSDIR is /workspaces/Servidor1/servidor_minecraft/mods
[12Feb2025 15:31:26.471] [main/DEBUG] [net.minecraftforge.fml.loading.FMLPaths/CORE]: Path CONFIGDIR is /workspaces/Servidor1/servidor_minecraft/config
[12Feb2025 15:31:26.472] [main/DEBUG] [net.minecraftforge.fml.loading.FMLPaths/CORE]: Path FMLCONFIG is /workspaces/Servidor1/servidor_minecraft/config/fml.toml
[12Feb2025 15:31:26.473] [main/DEBUG] [net.minecraftforge.fml.loading.FMLServiceProvider/CORE]: Loading configuration
[12Feb2025 15:31:26.480] [main/DEBUG] [net.minecraftforge.fml.loading.FMLServiceProvider/CORE]: Preparing ModFile
[12Feb2025 15:31:26.483] [main/DEBUG] [net.minecraftforge.fml.loading.FMLServiceProvider/CORE]: Preparing launch handler
[12Feb2025 15:31:26.484] [main/DEBUG] [net.minecraftforge.fml.loading.FMLLoader/CORE]: Using forgeserver as launch service
[12Feb2025 15:31:26.504] [main/DEBUG] [net.minecraftforge.fml.loading.FMLLoader/CORE]: Received command line version data  : VersionInfo[forgeVersion=47.3.7, mcVersion=1.20.1, mcpVersion=20230612.114412, forgeGroup=net.minecraftforge]
[12Feb2025 15:31:26.508] [main/DEBUG] [cpw.mods.modlauncher.TransformationServiceDecorator/MODLAUNCHER]: Initialized transformation service fml
[12Feb2025 15:31:26.509] [main/DEBUG] [cpw.mods.modlauncher.TransformationServiceDecorator/MODLAUNCHER]: Initializing transformation service mixin-transmogrifier
[12Feb2025 15:31:26.509] [main/DEBUG] [mixin-transmog/]: initialize called
[12Feb2025 15:31:26.532] [main/DEBUG] [mixin/]: MixinService [ModLauncher] was successfully booted in cpw.mods.cl.ModuleClassLoader@7a3d45bd
[12Feb2025 15:31:26.545] [main/INFO] [mixin/]: SpongePowered MIXIN Subsystem Version=0.8.5 Source=union:/workspaces/Servidor1/servidor_minecraft/mods/Connector-1.0.0-beta.46+1.20.1.jar%23202%23205!/ Service=ModLauncher Env=SERVER
[12Feb2025 15:31:26.549] [main/DEBUG] [mixin/]: Initialising Mixin Platform Manager
[12Feb2025 15:31:26.549] [main/DEBUG] [mixin/]: Adding mixin platform agents for container ModLauncher Root Container(ModLauncher:4f56a0a2)
[12Feb2025 15:31:26.550] [main/DEBUG] [mixin/]: Instancing new MixinPlatformAgentMinecraftForge for ModLauncher Root Container(ModLauncher:4f56a0a2)
[12Feb2025 15:31:26.551] [main/DEBUG] [mixin/]: MixinPlatformAgentMinecraftForge rejected container ModLauncher Root Container(ModLauncher:4f56a0a2)
[12Feb2025 15:31:26.552] [main/DEBUG] [mixin/]: Instancing new MixinPlatformAgentDefault for ModLauncher Root Container(ModLauncher:4f56a0a2)
[12Feb2025 15:31:26.553] [main/DEBUG] [mixin/]: MixinPlatformAgentDefault accepted container ModLauncher Root Container(ModLauncher:4f56a0a2)
[12Feb2025 15:31:26.555] [main/DEBUG] [cpw.mods.modlauncher.TransformationServiceDecorator/MODLAUNCHER]: Initialized transformation service mixin-transmogrifier
[12Feb2025 15:31:26.556] [main/DEBUG] [cpw.mods.modlauncher.TransformationServiceDecorator/MODLAUNCHER]: Initializing transformation service connector_loader
[12Feb2025 15:31:26.561] [main/DEBUG] [cpw.mods.modlauncher.TransformationServiceDecorator/MODLAUNCHER]: Initialized transformation service connector_loader
[12Feb2025 15:31:26.561] [main/DEBUG] [cpw.mods.modlauncher.NameMappingServiceHandler/MODLAUNCHER]: Current naming domain is 'srg'
[12Feb2025 15:31:26.562] [main/DEBUG] [cpw.mods.modlauncher.NameMappingServiceHandler/MODLAUNCHER]: Identified name mapping providers {}
[12Feb2025 15:31:26.562] [main/DEBUG] [cpw.mods.modlauncher.TransformationServicesHandler/MODLAUNCHER]: Transformation services begin scanning
[12Feb2025 15:31:26.563] [main/DEBUG] [cpw.mods.modlauncher.TransformationServiceDecorator/MODLAUNCHER]: Beginning scan trigger - transformation service mixin
[12Feb2025 15:31:26.564] [main/DEBUG] [cpw.mods.modlauncher.TransformationServiceDecorator/MODLAUNCHER]: End scan trigger - transformation service mixin
[12Feb2025 15:31:26.567] [main/DEBUG] [cpw.mods.modlauncher.TransformationServiceDecorator/MODLAUNCHER]: Beginning scan trigger - transformation service fml
[12Feb2025 15:31:26.567] [main/DEBUG] [net.minecraftforge.fml.loading.FMLServiceProvider/CORE]: Initiating mod scan
[12Feb2025 15:31:26.594] [main/DEBUG] [net.minecraftforge.fml.loading.moddiscovery.ModListHandler/CORE]: Found mod coordinates from lists: []
[12Feb2025 15:31:26.610] [main/DEBUG] [net.minecraftforge.fml.loading.moddiscovery.ModDiscoverer/CORE]: Found Mod Locators : (connector_early_locator:1.0.0-beta.46+1.20.1),(mods folder:null),(maven libs:null),(exploded directory:null),(minecraft:null),(userdev classpath:null)
[12Feb2025 15:31:26.615] [main/DEBUG] [net.minecraftforge.fml.loading.moddiscovery.ModDiscoverer/CORE]: Found Dependency Locators : (connector_locator:1.0.0-beta.46+1.20.1),(JarInJar:null)
[12Feb2025 15:31:26.714] [main/DEBUG] [net.minecraftforge.fml.loading.moddiscovery.ModFileParser/LOADING]: Considering mod file candidate 
[12Feb2025 15:31:26.768] [main/DEBUG] [net.minecraftforge.fml.loading.moddiscovery.ModFileInfo/LOADING]: Found valid mod file Connector-1.0.0-beta.46+1.20.1-mod.jar with {connectormod} mods - versions {1.0.0-beta.46+1.20.1}
[12Feb2025 15:31:26.783] [main/DEBUG] [net.minecraftforge.fml.loading.moddiscovery.ModFileParser/LOADING]: Considering mod file candidate /workspaces/Servidor1/servidor_minecraft/mods/[1.20.1] SecurityCraft v1.9.12.jar
[12Feb2025 15:31:26.786] [main/DEBUG] [net.minecraftforge.fml.loading.moddiscovery.ModFileInfo/LOADING]: Found valid mod file [1.20.1] SecurityCraft v1.9.12.jar with {securitycraft} mods - versions {1.9.12}
[12Feb2025 15:31:26.794] [main/DEBUG] [net.minecraftforge.fml.loading.moddiscovery.ModFileParser/LOADING]: Considering mod file candidate /workspaces/Servidor1/servidor_minecraft/mods/alexscaves-2.0.2.jar
[12Feb2025 15:31:26.797] [main/DEBUG] [net.minecraftforge.fml.loading.moddiscovery.ModFileInfo/LOADING]: Found valid mod file alexscaves-2.0.2.jar with {alexscaves} mods - versions {2.0.2}
[12Feb2025 15:31:26.801] [main/DEBUG] [net.minecraftforge.fml.loading.moddiscovery.ModFileParser/LOADING]: Considering mod file candidate /workspaces/Servidor1/servidor_minecraft/mods/alexsmobs-1.22.9.jar
[12Feb2025 15:31:26.804] [main/DEBUG] [net.minecraftforge.fml.loading.moddiscovery.ModFileInfo/LOADING]: Found valid mod file alexsmobs-1.22.9.jar with {alexsmobs} mods - versions {1.22.9}
[12Feb2025 15:31:26.805] [main/DEBUG] [net.minecraftforge.fml.loading.moddiscovery.ModFileParser/LOADING]: Considering mod file candidate /workspaces/Servidor1/servidor_minecraft/mods/Apocalypse-Rebooted-1.20.1-1.4.7-r.jar
[12Feb2025 15:31:26.808] [main/DEBUG] [net.minecraftforge.fml.loading.moddiscovery.ModFileInfo/LOADING]: Found valid mod file Apocalypse-Rebooted-1.20.1-1.4.7-r.jar with {apocalypse} mods - versions {1.20.1-1.4.7-r}
[12Feb2025 15:31:26.808] [main/DEBUG] [net.minecraftforge.fml.loading.moddiscovery.ModFileParser/LOADING]: Considering mod file candidate /workspaces/Servidor1/servidor_minecraft/mods/appleskin-forge-mc1.20.1-2.5.1.jar
[12Feb2025 15:31:26.811] [main/DEBUG] [net.minecraftforge.fml.loading.moddiscovery.ModFileInfo/LOADING]: Found valid mod file appleskin-forge-mc1.20.1-2.5.1.jar with {appleskin} mods - versions {2.5.1+mc1.20.1}
[12Feb2025 15:31:26.812] [main/DEBUG] [net.minecraftforge.fml.loading.moddiscovery.ModFileParser/LOADING]: Considering mod file candidate /workspaces/Servidor1/servidor_minecraft/mods/architectury-9.2.14-forge.jar
[12Feb2025 15:31:26.814] [main/DEBUG] [net.minecraftforge.fml.loading.moddiscovery.ModFileInfo/LOADING]: Found valid mod file architectury-9.2.14-forge.jar with {architectury} mods - versions {9.2.14}
[12Feb2025 15:31:26.816] [main/DEBUG] [net.minecraftforge.fml.loading.moddiscovery.ModFileParser/LOADING]: Considering mod file candidate /workspaces/Servidor1/servidor_minecraft/mods/artifacts-forge-9.5.13.jar
[12Feb2025 15:31:26.821] [main/DEBUG] [net.minecraftforge.fml.loading.moddiscovery.ModFileInfo/LOADING]: Found valid mod file artifacts-forge-9.5.13.jar with {artifacts} mods - versions {9.5.13}
[12Feb2025 15:31:26.825] [main/DEBUG] [net.minecraftforge.fml.loading.moddiscovery.ModFileParser/LOADING]: Considering mod file candidate /workspaces/Servidor1/servidor_minecraft/mods/AttributeFix-Forge-1.20.1-21.0.4.jar
[12Feb2025 15:31:26.828] [main/DEBUG] [net.minecraftforge.fml.loading.moddiscovery.ModFileInfo/LOADING]: Found valid mod file AttributeFix-Forge-1.20.1-21.0.4.jar with {attributefix} mods - versions {21.0.4}
[12Feb2025 15:31:26.829] [main/DEBUG] [net.minecraftforge.fml.loading.moddiscovery.ModFileParser/LOADING]: Considering mod file candidate /workspaces/Servidor1/servidor_minecraft/mods/BadOptimizations-2.2.1-1.20.1.jar
[12Feb2025 15:31:26.831] [main/DEBUG] [net.minecraftforge.fml.loading.moddiscovery.ModFileInfo/LOADING]: Found valid mod file BadOptimizations-2.2.1-1.20.1.jar with {badoptimizations} mods - versions {2.2.1}
[12Feb2025 15:31:26.832] [main/DEBUG] [net.minecraftforge.fml.loading.moddiscovery.ModFileParser/LOADING]: Considering mod file candidate /workspaces/Servidor1/servidor_minecraft/mods/badpackets-forge-0.4.3.jar
[12Feb2025 15:31:26.838] [main/DEBUG] [net.minecraftforge.fml.loading.moddiscovery.ModFileInfo/LOADING]: Found valid mod file badpackets-forge-0.4.3.jar with {badpackets} mods - versions {0.4.3}
[12Feb2025 15:31:26.839] [main/DEBUG] [net.minecraftforge.fml.loading.moddiscovery.ModFileParser/LOADING]: Considering mod file candidate /workspaces/Servidor1/servidor_minecraft/mods/balm-forge-1.20.1-7.3.14-all.jar
[12Feb2025 15:31:26.840] [main/DEBUG] [net.minecraftforge.fml.loading.moddiscovery.ModFileInfo/LOADING]: Found valid mod file balm-forge-1.20.1-7.3.14-all.jar with {balm} mods - versions {7.3.14}
[12Feb2025 15:31:26.842] [main/DEBUG] [net.minecraftforge.fml.loading.moddiscovery.ModFileParser/LOADING]: Considering mod file candidate /workspaces/Servidor1/servidor_minecraft/mods/BOMD-Forge-1.20.1-1.1.2.jar
[12Feb2025 15:31:26.843] [main/DEBUG] [net.minecraftforge.fml.loading.moddiscovery.ModFileInfo/LOADING]: Found valid mod file BOMD-Forge-1.20.1-1.1.2.jar with {bosses_of_mass_destruction} mods - versions {1.1.2}
[12Feb2025 15:31:26.844] [main/DEBUG] [net.minecraftforge.fml.loading.moddiscovery.ModFileParser/LOADING]: Considering mod file candidate /workspaces/Servidor1/servidor_minecraft/mods/caelus-forge-3.2.0+1.20.1.jar
[12Feb2025 15:31:26.845] [main/DEBUG] [net.minecraftforge.fml.loading.moddiscovery.ModFileInfo/LOADING]: Found valid mod file caelus-forge-3.2.0+1.20.1.jar with {caelus} mods - versions {3.2.0+1.20.1}
[12Feb2025 15:31:26.845] [main/DEBUG] [net.minecraftforge.fml.loading.moddiscovery.ModFileParser/LOADING]: Considering mod file candidate /workspaces/Servidor1/servidor_minecraft/mods/CerbonsAPI-Forge-1.20.1-1.1.0.jar
[12Feb2025 15:31:26.846] [main/DEBUG] [net.minecraftforge.fml.loading.moddiscovery.ModFileInfo/LOADING]: Found valid mod file CerbonsAPI-Forge-1.20.1-1.1.0.jar with {cerbons_api} mods - versions {1.1.0}
[12Feb2025 15:31:26.847] [main/DEBUG] [net.minecraftforge.fml.loading.moddiscovery.ModFileParser/LOADING]: Considering mod file candidate /workspaces/Servidor1/servidor_minecraft/mods/charmofundying-forge-6.5.0+1.20.1.jar
[12Feb2025 15:31:26.848] [main/DEBUG] [net.minecraftforge.fml.loading.moddiscovery.ModFileInfo/LOADING]: Found valid mod file charmofundying-forge-6.5.0+1.20.1.jar with {charmofundying} mods - versions {6.5.0+1.20.1}
[12Feb2025 15:31:26.850] [main/DEBUG] [net.minecraftforge.fml.loading.moddiscovery.ModFileParser/LOADING]: Considering mod file candidate /workspaces/Servidor1/servidor_minecraft/mods/Choups_Drakvyrn_Mod_(v2.5.0)_for_1.20.1.jar
[12Feb2025 15:31:26.851] [main/DEBUG] [net.minecraftforge.fml.loading.moddiscovery.ModFileInfo/LOADING]: Found valid mod file Choups_Drakvyrn_Mod_(v2.5.0)_for_1.20.1.jar with {choups_drakvyrn_mod} mods - versions {2.5.0}
[12Feb2025 15:31:26.853] [main/DEBUG] [net.minecraftforge.fml.loading.moddiscovery.ModFileParser/LOADING]: Considering mod file candidate /workspaces/Servidor1/servidor_minecraft/mods/citadel-2.6.1-1.20.1.jar
[12Feb2025 15:31:26.854] [main/DEBUG] [net.minecraftforge.fml.loading.moddiscovery.ModFileInfo/LOADING]: Found valid mod file citadel-2.6.1-1.20.1.jar with {citadel} mods - versions {2.6.1}
[12Feb2025 15:31:26.855] [main/DEBUG] [net.minecraftforge.fml.loading.moddiscovery.ModFileParser/LOADING]: Considering mod file candidate /workspaces/Servidor1/servidor_minecraft/mods/clickthrough-plus-3.2+1.20.jar
[12Feb2025 15:31:26.857] [main/DEBUG] [net.minecraftforge.fml.loading.moddiscovery.ModFileInfo/LOADING]: Found valid mod file clickthrough-plus-3.2+1.20.jar with {clickthrough} mods - versions {3.2+1.20}
[12Feb2025 15:31:26.859] [main/DEBUG] [net.minecraftforge.fml.loading.moddiscovery.ModFileParser/LOADING]: Considering mod file candidate /workspaces/Servidor1/servidor_minecraft/mods/cloth-config-11.1.136-forge.jar
[12Feb2025 15:31:26.859] [main/DEBUG] [net.minecraftforge.fml.loading.moddiscovery.ModFileInfo/LOADING]: Found valid mod file cloth-config-11.1.136-forge.jar with {cloth_config} mods - versions {11.1.136}
[12Feb2025 15:31:26.860] [main/DEBUG] [net.minecraftforge.fml.loading.moddiscovery.ModFileParser/LOADING]: Considering mod file candidate /workspaces/Servidor1/servidor_minecraft/mods/collective-1.20.1-7.91.jar
[12Feb2025 15:31:26.861] [main/DEBUG] [net.minecraftforge.fml.loading.moddiscovery.ModFileInfo/LOADING]: Found valid mod file collective-1.20.1-7.91.jar with {collective} mods - versions {7.91}
[12Feb2025 15:31:26.862] [main/DEBUG] [net.minecraftforge.fml.loading.moddiscovery.ModFileParser/LOADING]: Considering mod file candidate /workspaces/Servidor1/servidor_minecraft/mods/Compat_AlexsMobs-Naturalist.jar
[12Feb2025 15:31:26.863] [main/DEBUG] [net.minecraftforge.fml.loading.moddiscovery.ModFileInfo/LOADING]: Found valid mod file Compat_AlexsMobs-Naturalist.jar with {alexsmobsnaturalistcompat} mods - versions {1.1.0}
[12Feb2025 15:31:26.863] [main/DEBUG] [net.minecraftforge.fml.loading.moddiscovery.ModFileParser/LOADING]: Considering mod file candidate /workspaces/Servidor1/servidor_minecraft/mods/ConnectorExtras-1.11.2+1.20.1.jar
[12Feb2025 15:31:26.864] [main/DEBUG] [net.minecraftforge.fml.loading.moddiscovery.ModFileInfo/LOADING]: Found valid mod file ConnectorExtras-1.11.2+1.20.1.jar with {connectorextras} mods - versions {1.11.2+1.20.1}
[12Feb2025 15:31:26.873] [main/DEBUG] [net.minecraftforge.fml.loading.moddiscovery.ModFileParser/LOADING]: Considering mod file candidate /workspaces/Servidor1/servidor_minecraft/mods/create-1.20.1-0.5.1.j.jar
[12Feb2025 15:31:26.875] [main/DEBUG] [net.minecraftforge.fml.loading.moddiscovery.ModFileInfo/LOADING]: Found valid mod file create-1.20.1-0.5.1.j.jar with {create} mods - versions {0.5.1.j}
[12Feb2025 15:31:26.876] [main/DEBUG] [net.minecraftforge.fml.loading.moddiscovery.ModFileParser/LOADING]: Considering mod file candidate /workspaces/Servidor1/servidor_minecraft/mods/CreativeCore_FORGE_v2.12.31_mc1.20.1.jar
[12Feb2025 15:31:26.877] [main/DEBUG] [net.minecraftforge.fml.loading.moddiscovery.ModFileInfo/LOADING]: Found valid mod file CreativeCore_FORGE_v2.12.31_mc1.20.1.jar with {creativecore} mods - versions {2.12.31}
[12Feb2025 15:31:26.879] [main/DEBUG] [net.minecraftforge.fml.loading.moddiscovery.ModFileParser/LOADING]: Considering mod file candidate /workspaces/Servidor1/servidor_minecraft/mods/curios-forge-5.11.1+1.20.1.jar
[12Feb2025 15:31:26.880] [main/DEBUG] [net.minecraftforge.fml.loading.moddiscovery.ModFileInfo/LOADING]: Found valid mod file curios-forge-5.11.1+1.20.1.jar with {curios} mods - versions {5.11.1+1.20.1}
[12Feb2025 15:31:26.895] [main/DEBUG] [net.minecraftforge.fml.loading.moddiscovery.ModFileParser/LOADING]: Considering mod file candidate /workspaces/Servidor1/servidor_minecraft/mods/Decorative Blocks-forge-1.20.1-4.0.2.jar
[12Feb2025 15:31:26.896] [main/DEBUG] [net.minecraftforge.fml.loading.moddiscovery.ModFileInfo/LOADING]: Found valid mod file Decorative Blocks-forge-1.20.1-4.0.2.jar with {decorative_blocks} mods - versions {4.0.2}
[12Feb2025 15:31:26.904] [main/DEBUG] [net.minecraftforge.fml.loading.moddiscovery.ModFileParser/LOADING]: Considering mod file candidate /workspaces/Servidor1/servidor_minecraft/mods/deeperdarker-forge-1.20.1-1.3.3.jar
[12Feb2025 15:31:26.905] [main/DEBUG] [net.minecraftforge.fml.loading.moddiscovery.ModFileInfo/LOADING]: Found valid mod file deeperdarker-forge-1.20.1-1.3.3.jar with {deeperdarker} mods - versions {1.3.3}
[12Feb2025 15:31:26.905] [main/DEBUG] [net.minecraftforge.fml.loading.moddiscovery.ModFileParser/LOADING]: Considering mod file candidate /workspaces/Servidor1/servidor_minecraft/mods/dragonfinder-1.20.1-1.0.0.jar
[12Feb2025 15:31:26.915] [main/DEBUG] [net.minecraftforge.fml.loading.moddiscovery.ModFileInfo/LOADING]: Found valid mod file dragonfinder-1.20.1-1.0.0.jar with {dragonfinder} mods - versions {1.20.1-1.0.0}
[12Feb2025 15:31:26.918] [main/DEBUG] [net.minecraftforge.fml.loading.moddiscovery.ModFileParser/LOADING]: Considering mod file candidate /workspaces/Servidor1/servidor_minecraft/mods/dungeons-and-taverns-3.0.3.f.jar
[12Feb2025 15:31:26.923] [main/DEBUG] [net.minecraftforge.fml.loading.moddiscovery.ModFileInfo/LOADING]: Found valid mod file dungeons-and-taverns-3.0.3.f.jar with {mr_dungeons_andtaverns} mods - versions {3.0.3.f}
[12Feb2025 15:31:26.924] [main/DEBUG] [net.minecraftforge.fml.loading.moddiscovery.ModFileParser/LOADING]: Considering mod file candidate /workspaces/Servidor1/servidor_minecraft/mods/elytraslot-forge-6.4.4+1.20.1.jar
[12Feb2025 15:31:26.929] [main/DEBUG] [net.minecraftforge.fml.loading.moddiscovery.ModFileInfo/LOADING]: Found valid mod file elytraslot-forge-6.4.4+1.20.1.jar with {elytraslot} mods - versions {6.4.4+1.20.1}
[12Feb2025 15:31:26.932] [main/DEBUG] [net.minecraftforge.fml.loading.moddiscovery.ModFileParser/LOADING]: Considering mod file candidate /workspaces/Servidor1/servidor_minecraft/mods/embeddium-0.3.31+mc1.20.1.jar
[12Feb2025 15:31:26.938] [main/DEBUG] [net.minecraftforge.fml.loading.moddiscovery.ModFileInfo/LOADING]: Found valid mod file embeddium-0.3.31+mc1.20.1.jar with {embeddium,rubidium} mods - versions {0.3.31+mc1.20.1,0.7.1}
[12Feb2025 15:31:26.939] [main/DEBUG] [net.minecraftforge.fml.loading.moddiscovery.ModFileParser/LOADING]: Considering mod file candidate /workspaces/Servidor1/servidor_minecraft/mods/entityculling-forge-1.7.2-mc1.20.1.jar
[12Feb2025 15:31:26.947] [main/DEBUG] [net.minecraftforge.fml.loading.moddiscovery.ModFileInfo/LOADING]: Found valid mod file entityculling-forge-1.7.2-mc1.20.1.jar with {entityculling} mods - versions {1.7.2}
[12Feb2025 15:31:26.948] [main/DEBUG] [net.minecraftforge.fml.loading.moddiscovery.ModFileParser/LOADING]: Considering mod file candidate /workspaces/Servidor1/servidor_minecraft/mods/explorations-forge-1.20.1-1.6.1.jar
[12Feb2025 15:31:26.951] [main/DEBUG] [net.minecraftforge.fml.loading.moddiscovery.ModFileInfo/LOADING]: Found valid mod file explorations-forge-1.20.1-1.6.1.jar with {explorations} mods - versions {1.20.1-1.6.1}
[12Feb2025 15:31:26.952] [main/DEBUG] [net.minecraftforge.fml.loading.moddiscovery.ModFileParser/LOADING]: Considering mod file candidate /workspaces/Servidor1/servidor_minecraft/mods/ExplorersCompass-1.20.1-1.3.3-forge.jar
[12Feb2025 15:31:26.955] [main/DEBUG] [net.minecraftforge.fml.loading.moddiscovery.ModFileInfo/LOADING]: Found valid mod file ExplorersCompass-1.20.1-1.3.3-forge.jar with {explorerscompass} mods - versions {1.20.1-1.3.3-forge}
[12Feb2025 15:31:26.956] [main/DEBUG] [net.minecraftforge.fml.loading.moddiscovery.ModFileParser/LOADING]: Considering mod file candidate /workspaces/Servidor1/servidor_minecraft/mods/Explorify v1.6.2 f10-48.jar
[12Feb2025 15:31:26.988] [main/DEBUG] [net.minecraftforge.fml.loading.moddiscovery.ModFileInfo/LOADING]: Found valid mod file Explorify v1.6.2 f10-48.jar with {explorify} mods - versions {1.6.2}
[12Feb2025 15:31:26.989] [main/DEBUG] [net.minecraftforge.fml.loading.moddiscovery.ModFileParser/LOADING]: Considering mod file candidate /workspaces/Servidor1/servidor_minecraft/mods/fabric-api-0.92.2+1.11.11+1.20.1.jar
[12Feb2025 15:31:26.990] [main/DEBUG] [net.minecraftforge.fml.loading.moddiscovery.ModFileInfo/LOADING]: Found valid mod file fabric-api-0.92.2+1.11.11+1.20.1.jar with {fabric_api} mods - versions {0.92.2+1.11.11+1.20.1}
[12Feb2025 15:31:26.990] [main/DEBUG] [net.minecraftforge.fml.loading.moddiscovery.ModFileParser/LOADING]: Considering mod file candidate /workspaces/Servidor1/servidor_minecraft/mods/fast-ip-ping-v1.0.5-mc1.20.4-forge.jar
[12Feb2025 15:31:26.993] [main/DEBUG] [net.minecraftforge.fml.loading.moddiscovery.ModFileInfo/LOADING]: Found valid mod file fast-ip-ping-v1.0.5-mc1.20.4-forge.jar with {fastipping} mods - versions {1.0.5}
[12Feb2025 15:31:27.001] [main/DEBUG] [net.minecraftforge.fml.loading.moddiscovery.ModFileParser/LOADING]: Considering mod file candidate /workspaces/Servidor1/servidor_minecraft/mods/ferritecore-6.0.1-forge.jar
[12Feb2025 15:31:27.002] [main/DEBUG] [net.minecraftforge.fml.loading.moddiscovery.ModFileInfo/LOADING]: Found valid mod file ferritecore-6.0.1-forge.jar with {ferritecore} mods - versions {6.0.1}
[12Feb2025 15:31:27.003] [main/DEBUG] [net.minecraftforge.fml.loading.moddiscovery.ModFileParser/LOADING]: Considering mod file candidate /workspaces/Servidor1/servidor_minecraft/mods/fusion-1.2.4-forge-mc1.20.1.jar
[12Feb2025 15:31:27.005] [main/DEBUG] [net.minecraftforge.fml.loading.moddiscovery.ModFileInfo/LOADING]: Found valid mod file fusion-1.2.4-forge-mc1.20.1.jar with {fusion} mods - versions {1.2.4}
[12Feb2025 15:31:27.006] [main/DEBUG] [net.minecraftforge.fml.loading.moddiscovery.ModFileParser/LOADING]: Considering mod file candidate /workspaces/Servidor1/servidor_minecraft/mods/geckolib-forge-1.20.1-4.7.jar
[12Feb2025 15:31:27.010] [main/DEBUG] [net.minecraftforge.fml.loading.moddiscovery.ModFileInfo/LOADING]: Found valid mod file geckolib-forge-1.20.1-4.7.jar with {geckolib} mods - versions {4.7}
[12Feb2025 15:31:27.016] [main/DEBUG] [net.minecraftforge.fml.loading.moddiscovery.ModFileParser/LOADING]: Considering mod file candidate /workspaces/Servidor1/servidor_minecraft/mods/GlitchCore-forge-1.20.1-0.0.1.1.jar
[12Feb2025 15:31:27.017] [main/DEBUG] [net.minecraftforge.fml.loading.moddiscovery.ModFileInfo/LOADING]: Found valid mod file GlitchCore-forge-1.20.1-0.0.1.1.jar with {glitchcore} mods - versions {0.0.1.1}
[12Feb2025 15:31:27.018] [main/DEBUG] [net.minecraftforge.fml.loading.moddiscovery.ModFileParser/LOADING]: Considering mod file candidate /workspaces/Servidor1/servidor_minecraft/mods/gravestone-forge-1.20.1-1.0.24.jar
[12Feb2025 15:31:27.018] [main/DEBUG] [net.minecraftforge.fml.loading.moddiscovery.ModFileInfo/LOADING]: Found valid mod file gravestone-forge-1.20.1-1.0.24.jar with {gravestone} mods - versions {1.20.1-1.0.24}
[12Feb2025 15:31:27.022] [main/DEBUG] [net.minecraftforge.fml.loading.moddiscovery.ModFileParser/LOADING]: Considering mod file candidate /workspaces/Servidor1/servidor_minecraft/mods/health_plus-1.1.0.jar
[12Feb2025 15:31:27.023] [main/DEBUG] [net.minecraftforge.fml.loading.moddiscovery.ModFileInfo/LOADING]: Found valid mod file health_plus-1.1.0.jar with {health_plus} mods - versions {1.1.0}
[12Feb2025 15:31:27.027] [main/DEBUG] [net.minecraftforge.fml.loading.moddiscovery.ModFileParser/LOADING]: Considering mod file candidate /workspaces/Servidor1/servidor_minecraft/mods/iceandfire-2.1.13-1.20.1-beta-5.jar
[12Feb2025 15:31:27.028] [main/DEBUG] [net.minecraftforge.fml.loading.moddiscovery.ModFileInfo/LOADING]: Found valid mod file iceandfire-2.1.13-1.20.1-beta-5.jar with {iceandfire} mods - versions {2.1.13-1.20.1}
[12Feb2025 15:31:27.030] [main/DEBUG] [net.minecraftforge.fml.loading.moddiscovery.ModFileParser/LOADING]: Considering mod file candidate /workspaces/Servidor1/servidor_minecraft/mods/immersive_armors-1.6.1+1.20.1-forge.jar
[12Feb2025 15:31:27.031] [main/DEBUG] [net.minecraftforge.fml.loading.moddiscovery.ModFileInfo/LOADING]: Found valid mod file immersive_armors-1.6.1+1.20.1-forge.jar with {immersive_armors} mods - versions {1.6.1+1.20.1}
[12Feb2025 15:31:27.032] [main/DEBUG] [net.minecraftforge.fml.loading.moddiscovery.ModFileParser/LOADING]: Considering mod file candidate /workspaces/Servidor1/servidor_minecraft/mods/item-filters-forge-2001.1.0-build.59.jar
[12Feb2025 15:31:27.033] [main/DEBUG] [net.minecraftforge.fml.loading.moddiscovery.ModFileInfo/LOADING]: Found valid mod file item-filters-forge-2001.1.0-build.59.jar with {itemfilters} mods - versions {2001.1.0-build.59}
[12Feb2025 15:31:27.034] [main/DEBUG] [net.minecraftforge.fml.loading.moddiscovery.ModFileParser/LOADING]: Considering mod file candidate /workspaces/Servidor1/servidor_minecraft/mods/jei-1.20.1-forge-15.12.2.51.jar
[12Feb2025 15:31:27.035] [main/DEBUG] [net.minecraftforge.fml.loading.moddiscovery.ModFileInfo/LOADING]: Found valid mod file jei-1.20.1-forge-15.12.2.51.jar with {jei} mods - versions {15.12.2.51}
[12Feb2025 15:31:27.040] [main/DEBUG] [net.minecraftforge.fml.loading.moddiscovery.ModFileParser/LOADING]: Considering mod file candidate /workspaces/Servidor1/servidor_minecraft/mods/jei-1.20.1-forge-15.19.5.99.jar
[12Feb2025 15:31:27.041] [main/DEBUG] [net.minecraftforge.fml.loading.moddiscovery.ModFileInfo/LOADING]: Found valid mod file jei-1.20.1-forge-15.19.5.99.jar with {jei} mods - versions {15.19.5.99}
[12Feb2025 15:31:27.043] [main/DEBUG] [net.minecraftforge.fml.loading.moddiscovery.ModFileParser/LOADING]: Considering mod file candidate /workspaces/Servidor1/servidor_minecraft/mods/jei-1.20.1-forge-15.20.0.106.jar
[12Feb2025 15:31:27.043] [main/DEBUG] [net.minecraftforge.fml.loading.moddiscovery.ModFileInfo/LOADING]: Found valid mod file jei-1.20.1-forge-15.20.0.106.jar with {jei} mods - versions {15.20.0.106}
[12Feb2025 15:31:27.046] [main/DEBUG] [net.minecraftforge.fml.loading.moddiscovery.ModFileParser/LOADING]: Considering mod file candidate /workspaces/Servidor1/servidor_minecraft/mods/journeymap-1.20.1-5.10.3-forge.jar
[12Feb2025 15:31:27.047] [main/DEBUG] [net.minecraftforge.fml.loading.moddiscovery.ModFileInfo/LOADING]: Found valid mod file journeymap-1.20.1-5.10.3-forge.jar with {journeymap} mods - versions {5.10.3}
[12Feb2025 15:31:27.048] [main/DEBUG] [net.minecraftforge.fml.loading.moddiscovery.ModFileParser/LOADING]: Considering mod file candidate /workspaces/Servidor1/servidor_minecraft/mods/justenoughbreeding-forge-1.20-1.20.1-1.5.0.jar
[12Feb2025 15:31:27.049] [main/DEBUG] [net.minecraftforge.fml.loading.moddiscovery.ModFileInfo/LOADING]: Found valid mod file justenoughbreeding-forge-1.20-1.20.1-1.5.0.jar with {justenoughbreeding} mods - versions {1.5.0}
[12Feb2025 15:31:27.054] [main/DEBUG] [net.minecraftforge.fml.loading.moddiscovery.ModFileParser/LOADING]: Considering mod file candidate /workspaces/Servidor1/servidor_minecraft/mods/JustEnoughProfessions-forge-1.20.1-3.0.1.jar
[12Feb2025 15:31:27.056] [main/DEBUG] [net.minecraftforge.fml.loading.moddiscovery.ModFileInfo/LOADING]: Found valid mod file JustEnoughProfessions-forge-1.20.1-3.0.1.jar with {justenoughprofessions} mods - versions {3.0.1}
[12Feb2025 15:31:27.057] [main/DEBUG] [net.minecraftforge.fml.loading.moddiscovery.ModFileParser/LOADING]: Considering mod file candidate /workspaces/Servidor1/servidor_minecraft/mods/JustEnoughResources-1.20.1-1.4.0.247.jar
[12Feb2025 15:31:27.058] [main/DEBUG] [net.minecraftforge.fml.loading.moddiscovery.ModFileInfo/LOADING]: Found valid mod file JustEnoughResources-1.20.1-1.4.0.247.jar with {jeresources} mods - versions {1.4.0.247}
[12Feb2025 15:31:27.059] [main/DEBUG] [net.minecraftforge.fml.loading.moddiscovery.ModFileParser/LOADING]: Considering mod file candidate /workspaces/Servidor1/servidor_minecraft/mods/justhammers-forge-2.0.3+mc1.20.1.jar
[12Feb2025 15:31:27.060] [main/DEBUG] [net.minecraftforge.fml.loading.moddiscovery.ModFileInfo/LOADING]: Found valid mod file justhammers-forge-2.0.3+mc1.20.1.jar with {justhammers} mods - versions {2.0.3+mc1.20.1}
[12Feb2025 15:31:27.063] [main/DEBUG] [net.minecraftforge.fml.loading.moddiscovery.ModFileParser/LOADING]: Considering mod file candidate /workspaces/Servidor1/servidor_minecraft/mods/L_Enders_Cataclysm-2.53- 1.20.1.jar
[12Feb2025 15:31:27.065] [main/DEBUG] [net.minecraftforge.fml.loading.moddiscovery.ModFileInfo/LOADING]: Found valid mod file L_Enders_Cataclysm-2.53- 1.20.1.jar with {cataclysm} mods - versions {2.53}
[12Feb2025 15:31:27.068] [main/DEBUG] [net.minecraftforge.fml.loading.moddiscovery.ModFileParser/LOADING]: Considering mod file candidate /workspaces/Servidor1/servidor_minecraft/mods/legendarymonsters-1.6.2 MC 1.20.1.jar
[12Feb2025 15:31:27.071] [main/DEBUG] [net.minecraftforge.fml.loading.moddiscovery.ModFileInfo/LOADING]: Found valid mod file legendarymonsters-1.6.2 MC 1.20.1.jar with {legendary_monsters} mods - versions {1.20.1}
[12Feb2025 15:31:27.072] [main/DEBUG] [net.minecraftforge.fml.loading.moddiscovery.ModFileParser/LOADING]: Considering mod file candidate /workspaces/Servidor1/servidor_minecraft/mods/lionfishapi-2.4-Fix.jar
[12Feb2025 15:31:27.075] [main/DEBUG] [net.minecraftforge.fml.loading.moddiscovery.ModFileInfo/LOADING]: Found valid mod file lionfishapi-2.4-Fix.jar with {lionfishapi} mods - versions {2.4-Fix}
[12Feb2025 15:31:27.075] [main/DEBUG] [net.minecraftforge.fml.loading.moddiscovery.ModFileParser/LOADING]: Considering mod file candidate /workspaces/Servidor1/servidor_minecraft/mods/lootr-forge-1.20-0.7.35.90.jar
[12Feb2025 15:31:27.079] [main/DEBUG] [net.minecraftforge.fml.loading.moddiscovery.ModFileInfo/LOADING]: Found valid mod file lootr-forge-1.20-0.7.35.90.jar with {lootr} mods - versions {0.7.35.90}
[12Feb2025 15:31:27.135] [main/DEBUG] [net.minecraftforge.fml.loading.moddiscovery.ModFileParser/LOADING]: Considering mod file candidate /workspaces/Servidor1/servidor_minecraft/mods/Medieval Origins Revival-6.5.1+1.20.1-forge.jar
[12Feb2025 15:31:27.137] [main/DEBUG] [net.minecraftforge.fml.loading.moddiscovery.ModFileInfo/LOADING]: Found valid mod file Medieval Origins Revival-6.5.1+1.20.1-forge.jar with {medievalorigins} mods - versions {6.5.1+1.20.1-forge}
[12Feb2025 15:31:27.140] [main/DEBUG] [net.minecraftforge.fml.loading.moddiscovery.ModFileParser/LOADING]: Considering mod file candidate /workspaces/Servidor1/servidor_minecraft/mods/moremobvariants-forge+1.20.1-1.3.0.1.jar
[12Feb2025 15:31:27.144] [main/DEBUG] [net.minecraftforge.fml.loading.moddiscovery.ModFileInfo/LOADING]: Found valid mod file moremobvariants-forge+1.20.1-1.3.0.1.jar with {moremobvariants} mods - versions {1.3.0.1}
[12Feb2025 15:31:27.144] [main/DEBUG] [net.minecraftforge.fml.loading.moddiscovery.ModFileParser/LOADING]: Considering mod file candidate /workspaces/Servidor1/servidor_minecraft/mods/MouseTweaks-forge-mc1.20.1-2.25.1.jar
[12Feb2025 15:31:27.147] [main/DEBUG] [net.minecraftforge.fml.loading.moddiscovery.ModFileInfo/LOADING]: Found valid mod file MouseTweaks-forge-mc1.20.1-2.25.1.jar with {mousetweaks} mods - versions {2.25.1}
[12Feb2025 15:31:27.148] [main/DEBUG] [net.minecraftforge.fml.loading.moddiscovery.ModFileParser/LOADING]: Considering mod file candidate /workspaces/Servidor1/servidor_minecraft/mods/mutil-1.20.1-6.1.1.jar
[12Feb2025 15:31:27.151] [main/DEBUG] [net.minecraftforge.fml.loading.moddiscovery.ModFileInfo/LOADING]: Found valid mod file mutil-1.20.1-6.1.1.jar with {mutil} mods - versions {6.1.1}
[12Feb2025 15:31:27.151] [main/DEBUG] [net.minecraftforge.fml.loading.moddiscovery.ModFileParser/LOADING]: Considering mod file candidate /workspaces/Servidor1/servidor_minecraft/mods/MyServerIsCompatible-1.20-1.0.jar
[12Feb2025 15:31:27.152] [main/DEBUG] [net.minecraftforge.fml.loading.moddiscovery.ModFileInfo/LOADING]: Found valid mod file MyServerIsCompatible-1.20-1.0.jar with {myserveriscompatible} mods - versions {1.0}
[12Feb2025 15:31:27.155] [main/DEBUG] [net.minecraftforge.fml.loading.moddiscovery.ModFileParser/LOADING]: Considering mod file candidate /workspaces/Servidor1/servidor_minecraft/mods/naturalist-forge-4.0.3-1.20.1.jar
[12Feb2025 15:31:27.159] [main/DEBUG] [net.minecraftforge.fml.loading.moddiscovery.ModFileInfo/LOADING]: Found valid mod file naturalist-forge-4.0.3-1.20.1.jar with {naturalist} mods - versions {4.0.3}
[12Feb2025 15:31:27.160] [main/DEBUG] [net.minecraftforge.fml.loading.moddiscovery.ModFileParser/LOADING]: Considering mod file candidate /workspaces/Servidor1/servidor_minecraft/mods/NaturesCompass-1.20.1-1.11.2-forge.jar
[12Feb2025 15:31:27.163] [main/DEBUG] [net.minecraftforge.fml.loading.moddiscovery.ModFileInfo/LOADING]: Found valid mod file NaturesCompass-1.20.1-1.11.2-forge.jar with {naturescompass} mods - versions {1.20.1-1.11.2-forge}
[12Feb2025 15:31:27.174] [main/DEBUG] [net.minecraftforge.fml.loading.moddiscovery.ModFileParser/LOADING]: Considering mod file candidate /workspaces/Servidor1/servidor_minecraft/mods/noisium-forge-2.3.0+mc1.20-1.20.1.jar
[12Feb2025 15:31:27.177] [main/DEBUG] [net.minecraftforge.fml.loading.moddiscovery.ModFileInfo/LOADING]: Found valid mod file noisium-forge-2.3.0+mc1.20-1.20.1.jar with {noisium} mods - versions {2.3.0+mc1.20-1.20.1}
[12Feb2025 15:31:27.178] [main/DEBUG] [net.minecraftforge.fml.loading.moddiscovery.ModFileParser/LOADING]: Considering mod file candidate /workspaces/Servidor1/servidor_minecraft/mods/OctoLib-FORGE-0.4.2+1.20.1.jar
[12Feb2025 15:31:27.181] [main/DEBUG] [net.minecraftforge.fml.loading.moddiscovery.ModFileInfo/LOADING]: Found valid mod file OctoLib-FORGE-0.4.2+1.20.1.jar with {octolib} mods - versions {0.4.2}
[12Feb2025 15:31:27.181] [main/DEBUG] [net.minecraftforge.fml.loading.moddiscovery.ModFileParser/LOADING]: Considering mod file candidate /workspaces/Servidor1/servidor_minecraft/mods/oculus-flywheel-compat-forge1.20.1+1.1.2.jar
[12Feb2025 15:31:27.182] [main/DEBUG] [net.minecraftforge.fml.loading.moddiscovery.ModFileInfo/LOADING]: Found valid mod file oculus-flywheel-compat-forge1.20.1+1.1.2.jar with {irisflw} mods - versions {1.1.2}
[12Feb2025 15:31:27.184] [main/DEBUG] [net.minecraftforge.fml.loading.moddiscovery.ModFileParser/LOADING]: Considering mod file candidate /workspaces/Servidor1/servidor_minecraft/mods/oculus-mc1.20.1-1.8.0.jar
[12Feb2025 15:31:27.193] [main/DEBUG] [net.minecraftforge.fml.loading.moddiscovery.ModFileInfo/LOADING]: Found valid mod file oculus-mc1.20.1-1.8.0.jar with {oculus} mods - versions {1.8.0}
[12Feb2025 15:31:27.194] [main/DEBUG] [net.minecraftforge.fml.loading.moddiscovery.ModFileParser/LOADING]: Considering mod file candidate /workspaces/Servidor1/servidor_minecraft/mods/oreharvester-1.20.1-1.5.jar
[12Feb2025 15:31:27.194] [main/DEBUG] [net.minecraftforge.fml.loading.moddiscovery.ModFileInfo/LOADING]: Found valid mod file oreharvester-1.20.1-1.5.jar with {oreharvester} mods - versions {1.5}
[12Feb2025 15:31:27.195] [main/DEBUG] [net.minecraftforge.fml.loading.moddiscovery.ModFileParser/LOADING]: Considering mod file candidate /workspaces/Servidor1/servidor_minecraft/mods/origins-forge-1.20.1-1.10.0.9-all.jar
[12Feb2025 15:31:27.196] [main/DEBUG] [net.minecraftforge.fml.loading.moddiscovery.ModFileInfo/LOADING]: Found valid mod file origins-forge-1.20.1-1.10.0.9-all.jar with {origins} mods - versions {1.20.1-1.10.0.9}
[12Feb2025 15:31:27.200] [main/DEBUG] [net.minecraftforge.fml.loading.moddiscovery.ModFileParser/LOADING]: Considering mod file candidate /workspaces/Servidor1/servidor_minecraft/mods/Pehkui-3.8.2+1.20.1-forge.jar
[12Feb2025 15:31:27.207] [main/DEBUG] [net.minecraftforge.fml.loading.moddiscovery.ModFileInfo/LOADING]: Found valid mod file Pehkui-3.8.2+1.20.1-forge.jar with {pehkui} mods - versions {3.8.2+1.20.1-forge}
[12Feb2025 15:31:27.208] [main/DEBUG] [net.minecraftforge.fml.loading.moddiscovery.ModFileParser/LOADING]: Considering mod file candidate /workspaces/Servidor1/servidor_minecraft/mods/PhilipsRuins1.20.1-4.8.jar
[12Feb2025 15:31:27.209] [main/DEBUG] [net.minecraftforge.fml.loading.moddiscovery.ModFileInfo/LOADING]: Found valid mod file PhilipsRuins1.20.1-4.8.jar with {philipsruins} mods - versions {4.6}
[12Feb2025 15:31:27.210] [main/DEBUG] [net.minecraftforge.fml.loading.moddiscovery.ModFileParser/LOADING]: Considering mod file candidate /workspaces/Servidor1/servidor_minecraft/mods/PlayerRevive_FORGE_v2.0.31_mc1.20.1.jar
[12Feb2025 15:31:27.211] [main/DEBUG] [net.minecraftforge.fml.loading.moddiscovery.ModFileInfo/LOADING]: Found valid mod file PlayerRevive_FORGE_v2.0.31_mc1.20.1.jar with {playerrevive} mods - versions {2.0.31}
[12Feb2025 15:31:27.214] [main/DEBUG] [net.minecraftforge.fml.loading.moddiscovery.ModFileParser/LOADING]: Considering mod file candidate /workspaces/Servidor1/servidor_minecraft/mods/puffish_skills-0.14.7-1.20-forge.jar
[12Feb2025 15:31:27.221] [main/DEBUG] [net.minecraftforge.fml.loading.moddiscovery.ModFileInfo/LOADING]: Found valid mod file puffish_skills-0.14.7-1.20-forge.jar with {puffish_skills} mods - versions {0.14.7}
[12Feb2025 15:31:27.222] [main/DEBUG] [net.minecraftforge.fml.loading.moddiscovery.ModFileParser/LOADING]: Considering mod file candidate /workspaces/Servidor1/servidor_minecraft/mods/puffish_skills_origins-0.2.0-1.20.1-forge.jar
[12Feb2025 15:31:27.223] [main/DEBUG] [net.minecraftforge.fml.loading.moddiscovery.ModFileInfo/LOADING]: Found valid mod file puffish_skills_origins-0.2.0-1.20.1-forge.jar with {puffish_skills_origins} mods - versions {0.2.0}
[12Feb2025 15:31:27.226] [main/DEBUG] [net.minecraftforge.fml.loading.moddiscovery.ModFileParser/LOADING]: Considering mod file candidate /workspaces/Servidor1/servidor_minecraft/mods/raccompat-1.20.1-0.1.3.jar
[12Feb2025 15:31:27.228] [main/DEBUG] [net.minecraftforge.fml.loading.moddiscovery.ModFileInfo/LOADING]: Found valid mod file raccompat-1.20.1-0.1.3.jar with {raccompat} mods - versions {0.1.3}
[12Feb2025 15:31:27.232] [main/DEBUG] [net.minecraftforge.fml.loading.moddiscovery.ModFileParser/LOADING]: Considering mod file candidate /workspaces/Servidor1/servidor_minecraft/mods/ramcompat-1.20.1-0.1.4.jar
[12Feb2025 15:31:27.233] [main/DEBUG] [net.minecraftforge.fml.loading.moddiscovery.ModFileInfo/LOADING]: Found valid mod file ramcompat-1.20.1-0.1.4.jar with {ramcompat} mods - versions {0.1.4}
[12Feb2025 15:31:27.238] [main/DEBUG] [net.minecraftforge.fml.loading.moddiscovery.ModFileParser/LOADING]: Considering mod file candidate /workspaces/Servidor1/servidor_minecraft/mods/rarcompat-1.20.1-0.1.7.jar
[12Feb2025 15:31:27.239] [main/DEBUG] [net.minecraftforge.fml.loading.moddiscovery.ModFileInfo/LOADING]: Found valid mod file rarcompat-1.20.1-0.1.7.jar with {rarcompat} mods - versions {0.1.7}
[12Feb2025 15:31:27.263] [main/DEBUG] [net.minecraftforge.fml.loading.moddiscovery.ModFileParser/LOADING]: Considering mod file candidate /workspaces/Servidor1/servidor_minecraft/mods/rechiseled-1.1.6-forge-mc1.20.jar
[12Feb2025 15:31:27.266] [main/DEBUG] [net.minecraftforge.fml.loading.moddiscovery.ModFileInfo/LOADING]: Found valid mod file rechiseled-1.1.6-forge-mc1.20.jar with {rechiseled} mods - versions {1.1.6}
[12Feb2025 15:31:27.320] [main/DEBUG] [net.minecraftforge.fml.loading.moddiscovery.ModFileParser/LOADING]: Considering mod file candidate /workspaces/Servidor1/servidor_minecraft/mods/relics-1.20.1-0.8.0.7.jar
[12Feb2025 15:31:27.326] [main/DEBUG] [net.minecraftforge.fml.loading.moddiscovery.ModFileInfo/LOADING]: Found valid mod file relics-1.20.1-0.8.0.7.jar with {relics} mods - versions {0.8.0.7}
[12Feb2025 15:31:27.328] [main/DEBUG] [net.minecraftforge.fml.loading.moddiscovery.ModFileParser/LOADING]: Considering mod file candidate /workspaces/Servidor1/servidor_minecraft/mods/right_click_get_crops-1.20.1-1.6.0.12.jar
[12Feb2025 15:31:27.333] [main/DEBUG] [net.minecraftforge.fml.loading.moddiscovery.ModFileInfo/LOADING]: Found valid mod file right_click_get_crops-1.20.1-1.6.0.12.jar with {right_click_get_crops} mods - versions {1.6.0}
[12Feb2025 15:31:27.334] [main/DEBUG] [net.minecraftforge.fml.loading.moddiscovery.ModFileParser/LOADING]: Considering mod file candidate /workspaces/Servidor1/servidor_minecraft/mods/rubidium-mc1.20.1-0.7.1a.jar
[12Feb2025 15:31:27.336] [main/DEBUG] [net.minecraftforge.fml.loading.moddiscovery.ModFileInfo/LOADING]: Found valid mod file rubidium-mc1.20.1-0.7.1a.jar with {rubidium,sodium} mods - versions {0.7.1a,0.5.3}
[12Feb2025 15:31:27.337] [main/DEBUG] [net.minecraftforge.fml.loading.moddiscovery.ModFileParser/LOADING]: Considering mod file candidate /workspaces/Servidor1/servidor_minecraft/mods/serversleep-mod.jar
[12Feb2025 15:31:27.338] [main/DEBUG] [net.minecraftforge.fml.loading.moddiscovery.ModFileInfo/LOADING]: Found valid mod file serversleep-mod.jar with {mr_serversleep} mods - versions {1-datapack}
[12Feb2025 15:31:27.339] [main/DEBUG] [net.minecraftforge.fml.loading.moddiscovery.ModFileParser/LOADING]: Considering mod file candidate /workspaces/Servidor1/servidor_minecraft/mods/sophisticatedbackpacks-1.20.1-3.23.4.1196.jar
[12Feb2025 15:31:27.341] [main/DEBUG] [net.minecraftforge.fml.loading.moddiscovery.ModFileInfo/LOADING]: Found valid mod file sophisticatedbackpacks-1.20.1-3.23.4.1196.jar with {sophisticatedbackpacks} mods - versions {3.23.4.1196}
[12Feb2025 15:31:27.342] [main/DEBUG] [net.minecraftforge.fml.loading.moddiscovery.ModFileParser/LOADING]: Considering mod file candidate /workspaces/Servidor1/servidor_minecraft/mods/sophisticatedcore-1.20.1-1.2.8.864.jar
[12Feb2025 15:31:27.343] [main/DEBUG] [net.minecraftforge.fml.loading.moddiscovery.ModFileInfo/LOADING]: Found valid mod file sophisticatedcore-1.20.1-1.2.8.864.jar with {sophisticatedcore} mods - versions {1.2.8.864}
[12Feb2025 15:31:27.353] [main/DEBUG] [net.minecraftforge.fml.loading.moddiscovery.ModFileParser/LOADING]: Considering mod file candidate /workspaces/Servidor1/servidor_minecraft/mods/Steam_Rails-1.6.7+forge-mc1.20.1.jar
[12Feb2025 15:31:27.355] [main/DEBUG] [net.minecraftforge.fml.loading.moddiscovery.ModFileInfo/LOADING]: Found valid mod file Steam_Rails-1.6.7+forge-mc1.20.1.jar with {railways} mods - versions {1.6.7+forge-mc1.20.1}
[12Feb2025 15:31:27.355] [main/DEBUG] [net.minecraftforge.fml.loading.moddiscovery.ModFileParser/LOADING]: Considering mod file candidate /workspaces/Servidor1/servidor_minecraft/mods/supermartijn642configlib-1.1.8-forge-mc1.20.jar
[12Feb2025 15:31:27.358] [main/DEBUG] [net.minecraftforge.fml.loading.moddiscovery.ModFileInfo/LOADING]: Found valid mod file supermartijn642configlib-1.1.8-forge-mc1.20.jar with {supermartijn642configlib} mods - versions {1.1.8}
[12Feb2025 15:31:27.359] [main/DEBUG] [net.minecraftforge.fml.loading.moddiscovery.ModFileParser/LOADING]: Considering mod file candidate /workspaces/Servidor1/servidor_minecraft/mods/supermartijn642corelib-1.1.18-forge-mc1.20.1.jar
[12Feb2025 15:31:27.360] [main/DEBUG] [net.minecraftforge.fml.loading.moddiscovery.ModFileInfo/LOADING]: Found valid mod file supermartijn642corelib-1.1.18-forge-mc1.20.1.jar with {supermartijn642corelib} mods - versions {1.1.18}
[12Feb2025 15:31:27.360] [main/DEBUG] [net.minecraftforge.fml.loading.moddiscovery.ModFileParser/LOADING]: Considering mod file candidate /workspaces/Servidor1/servidor_minecraft/mods/TerraBlender-forge-1.20.1-3.0.1.7.jar
[12Feb2025 15:31:27.361] [main/DEBUG] [net.minecraftforge.fml.loading.moddiscovery.ModFileInfo/LOADING]: Found valid mod file TerraBlender-forge-1.20.1-3.0.1.7.jar with {terrablender} mods - versions {3.0.1.7}
[12Feb2025 15:31:27.363] [main/DEBUG] [net.minecraftforge.fml.loading.moddiscovery.ModFileParser/LOADING]: Considering mod file candidate /workspaces/Servidor1/servidor_minecraft/mods/tetra-1.20.1-6.8.0.jar
[12Feb2025 15:31:27.364] [main/DEBUG] [net.minecraftforge.fml.loading.moddiscovery.ModFileInfo/LOADING]: Found valid mod file tetra-1.20.1-6.8.0.jar with {tetra} mods - versions {6.8.0}
[12Feb2025 15:31:27.365] [main/DEBUG] [net.minecraftforge.fml.loading.moddiscovery.ModFileParser/LOADING]: Considering mod file candidate /workspaces/Servidor1/servidor_minecraft/mods/travelersbackpack-forge-1.20.1-9.1.29.jar
[12Feb2025 15:31:27.366] [main/DEBUG] [net.minecraftforge.fml.loading.moddiscovery.ModFileInfo/LOADING]: Found valid mod file travelersbackpack-forge-1.20.1-9.1.29.jar with {travelersbackpack} mods - versions {9.1.29}
[12Feb2025 15:31:27.367] [main/DEBUG] [net.minecraftforge.fml.loading.moddiscovery.ModFileParser/LOADING]: Considering mod file candidate /workspaces/Servidor1/servidor_minecraft/mods/treeharvester-1.20.1-9.1.jar
[12Feb2025 15:31:27.368] [main/DEBUG] [net.minecraftforge.fml.loading.moddiscovery.ModFileInfo/LOADING]: Found valid mod file treeharvester-1.20.1-9.1.jar with {treeharvester} mods - versions {9.1}
[12Feb2025 15:31:27.370] [main/DEBUG] [net.minecraftforge.fml.loading.moddiscovery.ModFileParser/LOADING]: Considering mod file candidate /workspaces/Servidor1/servidor_minecraft/mods/unusualprehistory-1.5.0.3.jar
[12Feb2025 15:31:27.371] [main/DEBUG] [net.minecraftforge.fml.loading.moddiscovery.ModFileInfo/LOADING]: Found valid mod file unusualprehistory-1.5.0.3.jar with {unusualprehistory} mods - versions {1.5.0.3}
[12Feb2025 15:31:27.372] [main/DEBUG] [net.minecraftforge.fml.loading.moddiscovery.ModFileParser/LOADING]: Considering mod file candidate /workspaces/Servidor1/servidor_minecraft/mods/vminus-forge-1.20.1-3.2.7.jar
[12Feb2025 15:31:27.372] [main/DEBUG] [net.minecraftforge.fml.loading.moddiscovery.ModFileInfo/LOADING]: Found valid mod file vminus-forge-1.20.1-3.2.7.jar with {vminus} mods - versions {3.2.7}
[12Feb2025 15:31:27.373] [main/DEBUG] [net.minecraftforge.fml.loading.moddiscovery.ModFileParser/LOADING]: Considering mod file candidate /workspaces/Servidor1/servidor_minecraft/mods/waystones-forge-1.20.1-14.1.9.jar
[12Feb2025 15:31:27.375] [main/DEBUG] [net.minecraftforge.fml.loading.moddiscovery.ModFileInfo/LOADING]: Found valid mod file waystones-forge-1.20.1-14.1.9.jar with {waystones} mods - versions {14.1.9}
[12Feb2025 15:31:27.376] [main/DEBUG] [net.minecraftforge.fml.loading.moddiscovery.ModFileParser/LOADING]: Considering mod file candidate /workspaces/Servidor1/servidor_minecraft/mods/wthit-forge-8.16.1.jar
[12Feb2025 15:31:27.377] [main/DEBUG] [net.minecraftforge.fml.loading.moddiscovery.ModFileInfo/LOADING]: Found valid mod file wthit-forge-8.16.1.jar with {wthit,waila} mods - versions {8.16.1,8.16.1}
[12Feb2025 15:31:27.379] [main/DEBUG] [net.minecraftforge.fml.loading.moddiscovery.ModFileParser/LOADING]: Considering mod file candidate /workspaces/Servidor1/servidor_minecraft/mods/Xaeros_Minimap_25.0.0_Forge_1.20.jar
[12Feb2025 15:31:27.380] [main/DEBUG] [net.minecraftforge.fml.loading.moddiscovery.ModFileInfo/LOADING]: Found valid mod file Xaeros_Minimap_25.0.0_Forge_1.20.jar with {xaerominimap} mods - versions {25.0.0}
[12Feb2025 15:31:27.549] [main/DEBUG] [net.minecraftforge.fml.loading.moddiscovery.ModFileInfo/LOADING]: Found valid mod file server-1.20.1-20230612.114412-srg.jar with {minecraft} mods - versions {1.20.1}
[12Feb2025 15:31:27.553] [main/DEBUG] [net.minecraftforge.fml.loading.moddiscovery.ModFileParser/LOADING]: Considering mod file candidate /workspaces/Servidor1/servidor_minecraft/libraries/net/minecraftforge/fmlcore/1.20.1-47.3.7/fmlcore-1.20.1-47.3.7.jar
[12Feb2025 15:31:27.554] [main/WARN] [net.minecraftforge.fml.loading.moddiscovery.ModFileParser/LOADING]: Mod file /workspaces/Servidor1/servidor_minecraft/libraries/net/minecraftforge/fmlcore/1.20.1-47.3.7/fmlcore-1.20.1-47.3.7.jar is missing mods.toml file
[12Feb2025 15:31:27.557] [main/DEBUG] [net.minecraftforge.fml.loading.moddiscovery.ModFileParser/LOADING]: Considering mod file candidate /workspaces/Servidor1/servidor_minecraft/libraries/net/minecraftforge/javafmllanguage/1.20.1-47.3.7/javafmllanguage-1.20.1-47.3.7.jar
[12Feb2025 15:31:27.558] [main/WARN] [net.minecraftforge.fml.loading.moddiscovery.ModFileParser/LOADING]: Mod file /workspaces/Servidor1/servidor_minecraft/libraries/net/minecraftforge/javafmllanguage/1.20.1-47.3.7/javafmllanguage-1.20.1-47.3.7.jar is missing mods.toml file
[12Feb2025 15:31:27.562] [main/DEBUG] [net.minecraftforge.fml.loading.moddiscovery.ModFileParser/LOADING]: Considering mod file candidate /workspaces/Servidor1/servidor_minecraft/libraries/net/minecraftforge/lowcodelanguage/1.20.1-47.3.7/lowcodelanguage-1.20.1-47.3.7.jar
[12Feb2025 15:31:27.562] [main/WARN] [net.minecraftforge.fml.loading.moddiscovery.ModFileParser/LOADING]: Mod file /workspaces/Servidor1/servidor_minecraft/libraries/net/minecraftforge/lowcodelanguage/1.20.1-47.3.7/lowcodelanguage-1.20.1-47.3.7.jar is missing mods.toml file
[12Feb2025 15:31:27.564] [main/DEBUG] [net.minecraftforge.fml.loading.moddiscovery.ModFileParser/LOADING]: Considering mod file candidate /workspaces/Servidor1/servidor_minecraft/libraries/net/minecraftforge/mclanguage/1.20.1-47.3.7/mclanguage-1.20.1-47.3.7.jar
[12Feb2025 15:31:27.564] [main/WARN] [net.minecraftforge.fml.loading.moddiscovery.ModFileParser/LOADING]: Mod file /workspaces/Servidor1/servidor_minecraft/libraries/net/minecraftforge/mclanguage/1.20.1-47.3.7/mclanguage-1.20.1-47.3.7.jar is missing mods.toml file
[12Feb2025 15:31:27.616] [main/DEBUG] [net.minecraftforge.fml.loading.moddiscovery.ModFileParser/LOADING]: Considering mod file candidate /workspaces/Servidor1/servidor_minecraft/libraries/net/minecraftforge/forge/1.20.1-47.3.7/forge-1.20.1-47.3.7-universal.jar
[12Feb2025 15:31:27.618] [main/DEBUG] [net.minecraftforge.fml.loading.moddiscovery.ModFileInfo/LOADING]: Found valid mod file forge-1.20.1-47.3.7-universal.jar with {forge} mods - versions {47.3.7}
[12Feb2025 15:31:27.631] [main/DEBUG] [net.minecraftforge.fml.loading.UniqueModListBuilder/]: Found 3 mods for first modid jei, selecting most recent based on version data
[12Feb2025 15:31:27.634] [main/DEBUG] [net.minecraftforge.fml.loading.UniqueModListBuilder/]: Selected file jei-1.20.1-forge-15.20.0.106.jar for modid jei with version 15.20.0.106
[12Feb2025 15:31:27.642] [main/ERROR] [net.minecraftforge.fml.loading.UniqueModListBuilder/LOADING]: Found duplicate mods:
	Mod ID: 'rubidium' from mod files: rubidium-mc1.20.1-0.7.1a.jar, embeddium-0.3.31+mc1.20.1.jar
[12Feb2025 15:31:27.644] [main/ERROR] [net.minecraftforge.fml.loading.moddiscovery.ModDiscoverer/SCAN]: Failed to build unique mod list after mod discovery.
net.minecraftforge.fml.loading.EarlyLoadingException: Duplicate mods found
	at net.minecraftforge.fml.loading.UniqueModListBuilder.buildUniqueList(UniqueModListBuilder.java:87) ~[fmlloader-1.20.1-47.3.7.jar%2369!/:1.0]
	at net.minecraftforge.fml.loading.moddiscovery.ModDiscoverer.discoverMods(ModDiscoverer.java:106) ~[fmlloader-1.20.1-47.3.7.jar%2369!/:?]
	at net.minecraftforge.fml.loading.FMLLoader.beginModScan(FMLLoader.java:164) ~[fmlloader-1.20.1-47.3.7.jar%2369!/:1.0]
	at net.minecraftforge.fml.loading.FMLServiceProvider.beginScanning(FMLServiceProvider.java:86) ~[fmlloader-1.20.1-47.3.7.jar%2369!/:1.0]
	at cpw.mods.modlauncher.TransformationServiceDecorator.runScan(TransformationServiceDecorator.java:112) ~[modlauncher-10.0.9.jar%2355!/:?]
	at cpw.mods.modlauncher.TransformationServicesHandler.lambda$runScanningTransformationServices$8(TransformationServicesHandler.java:100) ~[modlauncher-10.0.9.jar%2355!/:?]
	at java.util.stream.ReferencePipeline$3$1.accept(ReferencePipeline.java:197) ~[?:?]
	at java.util.HashMap$ValueSpliterator.forEachRemaining(HashMap.java:1779) ~[?:?]
	at java.util.stream.AbstractPipeline.copyInto(AbstractPipeline.java:509) ~[?:?]
	at java.util.stream.AbstractPipeline.wrapAndCopyInto(AbstractPipeline.java:499) ~[?:?]
	at java.util.stream.AbstractPipeline.evaluate(AbstractPipeline.java:575) ~[?:?]
	at java.util.stream.AbstractPipeline.evaluateToArrayNode(AbstractPipeline.java:260) ~[?:?]
	at java.util.stream.ReferencePipeline.toArray(ReferencePipeline.java:616) ~[?:?]
	at java.util.stream.ReferencePipeline.toArray(ReferencePipeline.java:622) ~[?:?]
	at java.util.stream.ReferencePipeline.toList(ReferencePipeline.java:627) ~[?:?]
	at cpw.mods.modlauncher.TransformationServicesHandler.runScanningTransformationServices(TransformationServicesHandler.java:102) ~[modlauncher-10.0.9.jar%2355!/:?]
	at cpw.mods.modlauncher.TransformationServicesHandler.initializeTransformationServices(TransformationServicesHandler.java:55) ~[modlauncher-10.0.9.jar%2355!/:?]
	at cpw.mods.modlauncher.Launcher.run(Launcher.java:88) ~[modlauncher-10.0.9.jar%2355!/:?]
	at cpw.mods.modlauncher.Launcher.main(Launcher.java:78) ~[modlauncher-10.0.9.jar%2355!/:?]
	at cpw.mods.modlauncher.BootstrapLaunchConsumer.accept(BootstrapLaunchConsumer.java:26) ~[modlauncher-10.0.9.jar%2355!/:?]
	at cpw.mods.modlauncher.BootstrapLaunchConsumer.accept(BootstrapLaunchConsumer.java:23) ~[modlauncher-10.0.9.jar%2355!/:?]
	at cpw.mods.bootstraplauncher.BootstrapLauncher.main(BootstrapLauncher.java:141) ~[bootstraplauncher-1.1.2.jar:?]
[12Feb2025 15:31:27.660] [main/ERROR] [net.minecraftforge.fml.loading.moddiscovery.ModDiscoverer/SCAN]: Mod Discovery failed. Skipping dependency discovery.
[12Feb2025 15:31:27.716] [main/DEBUG] [cpw.mods.modlauncher.TransformationServiceDecorator/MODLAUNCHER]: End scan trigger - transformation service fml
[12Feb2025 15:31:27.716] [main/DEBUG] [cpw.mods.modlauncher.TransformationServiceDecorator/MODLAUNCHER]: Beginning scan trigger - transformation service mixin-transmogrifier
[12Feb2025 15:31:27.718] [main/DEBUG] [cpw.mods.modlauncher.TransformationServiceDecorator/MODLAUNCHER]: End scan trigger - transformation service mixin-transmogrifier
[12Feb2025 15:31:27.718] [main/DEBUG] [cpw.mods.modlauncher.TransformationServiceDecorator/MODLAUNCHER]: Beginning scan trigger - transformation service connector_loader
[12Feb2025 15:31:27.718] [main/DEBUG] [cpw.mods.modlauncher.TransformationServiceDecorator/MODLAUNCHER]: End scan trigger - transformation service connector_loader
[12Feb2025 15:31:27.723] [main/DEBUG] [net.minecraftforge.fml.loading.LanguageLoadingProvider/CORE]: Found 0 language providers
[12Feb2025 15:31:27.731] [main/DEBUG] [net.minecraftforge.fml.loading.ModSorter/]: Configured system mods: [minecraft]
