[14:04:09] [modloading-worker-0/INFO] ========================================
[14:04:09] [modloading-worker-0/INFO] Minecraft: 1.20.1
[14:04:09] [modloading-worker-0/INFO] Side: server
[14:04:09] [modloading-worker-0/INFO] Development: false
[14:04:09] [modloading-worker-0/INFO] Version: 12.1.785
[14:04:09] [modloading-worker-0/INFO] Loader:
[14:04:09] [modloading-worker-0/INFO] - Forge: 47.3.7
[14:04:09] [modloading-worker-0/INFO] Dependencies:
[14:04:09] [modloading-worker-0/INFO] - Cloth Config: 11.1.136
[14:04:09] [modloading-worker-0/INFO] - Architectury: 9.2.14
[14:04:09] [modloading-worker-0/INFO] Mixin: 0.8.5
[14:04:09] [modloading-worker-0/INFO] OS: Linux 6.5.0-1025-azure (amd64)
[14:04:09] [modloading-worker-0/INFO] Java: 17.0.14 (Ubuntu)
[14:04:09] [modloading-worker-0/INFO] ========================================
[14:04:09] [modloading-worker-0/INFO] Mods:
[14:04:09] [modloading-worker-0/INFO] - additionalentityattributes: 1.4.0.5+1.20.1
[14:04:09] [modloading-worker-0/INFO] - alexscaves: 2.0.2
[14:04:09] [modloading-worker-0/INFO] - alexsmobs: 1.22.9
[14:04:09] [modloading-worker-0/INFO] - alexsmobsnaturalistcompat: 1.1.0
[14:04:09] [modloading-worker-0/INFO] - amecsapi: 1.5.3+mc1.20-pre1
[14:04:09] [modloading-worker-0/INFO] - apocalypse: 1.20.1-1.4.7-r
[14:04:09] [modloading-worker-0/INFO] - apoli: 1.20.1-2.9.0.8
[14:04:09] [modloading-worker-0/INFO] - appleskin: 2.5.1+mc1.20.1
[14:04:09] [modloading-worker-0/INFO] - apugli: 2.10.2+1.20.1-forge
[14:04:09] [modloading-worker-0/INFO] - architectury: 9.2.14
[14:04:09] [modloading-worker-0/INFO] - artifacts: 9.5.13
[14:04:09] [modloading-worker-0/INFO] - attributefix: 21.0.4
[14:04:09] [modloading-worker-0/INFO] - badpackets: 0.4.3
[14:04:09] [modloading-worker-0/INFO] - bosses_of_mass_destruction: 1.1.2
[14:04:09] [modloading-worker-0/INFO] - caelus: 3.2.0+1.20.1
[14:04:09] [modloading-worker-0/INFO] - calio: 1.20.1-1.11.0.5
[14:04:09] [modloading-worker-0/INFO] - cerbons_api: 1.1.0
[14:04:09] [modloading-worker-0/INFO] - charmofundying: 6.5.0+1.20.1
[14:04:09] [modloading-worker-0/INFO] - choups_drakvyrn_mod: 2.5.0
[14:04:09] [modloading-worker-0/INFO] - citadel: 2.6.1
[14:04:09] [modloading-worker-0/INFO] - clickthrough: 3.2+1.20
[14:04:09] [modloading-worker-0/INFO] - cloth_config: 11.1.136
[14:04:09] [modloading-worker-0/INFO] - collective: 7.91
[14:04:09] [modloading-worker-0/INFO] - com_github_llamalad7_mixinextras: 0.2.0-beta.8
[14:04:09] [modloading-worker-0/INFO] - connectorextras: 1.11.2+1.20.1
[14:04:09] [modloading-worker-0/INFO] - connectorextras_architectury_bridge: 1.11.2+1.20.1
[14:04:09] [modloading-worker-0/INFO] - connectorextras_emi_bridge: 1.11.2+1.20.1
[14:04:09] [modloading-worker-0/INFO] - connectorextras_energy_bridge: 1.11.2+1.20.1
[14:04:09] [modloading-worker-0/INFO] - connectorextras_geckolib_fabric_compat: 1.11.2+1.20.1
[14:04:09] [modloading-worker-0/INFO] - connectorextras_jei_bridge: 1.11.2+1.20.1
[14:04:09] [modloading-worker-0/INFO] - connectorextras_kubejs_bridge: 1.11.2+1.20.1
[14:04:09] [modloading-worker-0/INFO] - connectorextras_modmenu_bridge: 1.11.2+1.20.1
[14:04:09] [modloading-worker-0/INFO] - connectorextras_pehkui_bridge: 1.11.2+1.20.1
[14:04:09] [modloading-worker-0/INFO] - connectorextras_rei_bridge: 1.11.2+1.20.1
[14:04:09] [modloading-worker-0/INFO] - connectorextras_terrablender_bridge: 1.11.2+1.20.1
[14:04:09] [modloading-worker-0/INFO] - connectormod: 1.0.0-beta.46+1.20.1
[14:04:09] [modloading-worker-0/INFO] - creativecore: 2.12.31
[14:04:09] [modloading-worker-0/INFO] - curios: 5.11.1+1.20.1
[14:04:09] [modloading-worker-0/INFO] - decorative_blocks: 4.0.2
[14:04:09] [modloading-worker-0/INFO] - deeperdarker: 1.3.3
[14:04:09] [modloading-worker-0/INFO] - dragonfinder: 1.20.1-1.0.0
[14:04:09] [modloading-worker-0/INFO] - elytraslot: 6.4.4+1.20.1
[14:04:09] [modloading-worker-0/INFO] - embeddium: 0.3.31+mc1.20.1
[14:04:09] [modloading-worker-0/INFO] - entityculling: 1.7.2
[14:04:09] [modloading-worker-0/INFO] - expandability: 9.0.4
[14:04:09] [modloading-worker-0/INFO] - explorations: 1.20.1-1.6.1
[14:04:09] [modloading-worker-0/INFO] - explorerscompass: 1.20.1-1.3.3-forge
[14:04:09] [modloading-worker-0/INFO] - fabric_api: 0.92.2+1.11.11+1.20.1
[14:04:09] [modloading-worker-0/INFO] - fabric_api_base: 0.4.31+ef105b4977
[14:04:09] [modloading-worker-0/INFO] - fabric_api_lookup_api_v1: 1.6.36+67f9824077
[14:04:09] [modloading-worker-0/INFO] - fabric_biome_api_v1: 13.0.13+dc36698e77
[14:04:09] [modloading-worker-0/INFO] - fabric_block_api_v1: 1.0.11+0e6cb7f777
[14:04:09] [modloading-worker-0/INFO] - fabric_block_view_api_v2: 1.0.1+0767707077
[14:04:09] [modloading-worker-0/INFO] - fabric_blockrenderlayer_v1: 1.1.41+1d0da21e77
[14:04:09] [modloading-worker-0/INFO] - fabric_client_tags_api_v1: 1.1.2+5d6761b877
[14:04:09] [modloading-worker-0/INFO] - fabric_command_api_v1: 1.2.34+f71b366f77
[14:04:09] [modloading-worker-0/INFO] - fabric_command_api_v2: 2.2.13+561530ec77
[14:04:09] [modloading-worker-0/INFO] - fabric_content_registries_v0: 4.0.11+a670df1e77
[14:04:09] [modloading-worker-0/INFO] - fabric_convention_tags_v1: 1.5.5+fa3d1c0177
[14:04:09] [modloading-worker-0/INFO] - fabric_data_attachment_api_v1: 1.0.0+30ef839e77
[14:04:09] [modloading-worker-0/INFO] - fabric_data_generation_api_v1: 12.3.4+369cb3a477
[14:04:09] [modloading-worker-0/INFO] - fabric_dimensions_v1: 2.1.54+8005d10d77
[14:04:09] [modloading-worker-0/INFO] - fabric_entity_events_v1: 1.6.0+4ca7515277
[14:04:09] [modloading-worker-0/INFO] - fabric_events_interaction_v0: 0.6.2+0d0bd5a777
[14:04:09] [modloading-worker-0/INFO] - fabric_game_rule_api_v1: 1.0.40+683d4da877
[14:04:09] [modloading-worker-0/INFO] - fabric_item_api_v1: 2.1.28+4d0bbcfa77
[14:04:09] [modloading-worker-0/INFO] - fabric_item_group_api_v1: 4.0.12+c9161c2d77
[14:04:09] [modloading-worker-0/INFO] - fabric_key_binding_api_v1: 1.0.37+561530ec77
[14:04:09] [modloading-worker-0/INFO] - fabric_lifecycle_events_v1: 2.2.22+afab492177
[14:04:09] [modloading-worker-0/INFO] - fabric_loot_api_v2: 1.2.1+eb28f93e77
[14:04:09] [modloading-worker-0/INFO] - fabric_message_api_v1: 5.1.9+52cc178c77
[14:04:09] [modloading-worker-0/INFO] - fabric_mining_level_api_v1: 2.1.50+561530ec77
[14:04:09] [modloading-worker-0/INFO] - fabric_model_loading_api_v1: 1.0.3+6274ab9d77
[14:04:09] [modloading-worker-0/INFO] - fabric_models_v0: 0.4.2+7c3892a477
[14:04:09] [modloading-worker-0/INFO] - fabric_networking_api_v1: 1.3.11+503a202477
[14:04:09] [modloading-worker-0/INFO] - fabric_object_builder_api_v1: 11.1.3+4bd998fa77
[14:04:09] [modloading-worker-0/INFO] - fabric_particles_v1: 1.1.2+78e1ecb877
[14:04:09] [modloading-worker-0/INFO] - fabric_recipe_api_v1: 1.0.21+514a076577
[14:04:09] [modloading-worker-0/INFO] - fabric_registry_sync_v0: 2.3.3+1c0ea72177
[14:04:09] [modloading-worker-0/INFO] - fabric_renderer_api_v1: 3.2.1+cf68abbe77
[14:04:09] [modloading-worker-0/INFO] - fabric_renderer_indigo: 1.5.2+b5b2da4177
[14:04:09] [modloading-worker-0/INFO] - fabric_rendering_data_attachment_v1: 0.3.37+a6081afc77
[14:04:09] [modloading-worker-0/INFO] - fabric_rendering_fluids_v1: 3.0.28+4ac5e37a77
[14:04:09] [modloading-worker-0/INFO] - fabric_rendering_v1: 3.0.8+66e9a48f77
[14:04:09] [modloading-worker-0/INFO] - fabric_resource_conditions_api_v1: 2.3.8+9ad825cd77
[14:04:09] [modloading-worker-0/INFO] - fabric_resource_loader_v0: 0.11.10+bcd08ed377
[14:04:09] [modloading-worker-0/INFO] - fabric_screen_api_v1: 2.0.8+45a670a577
[14:04:09] [modloading-worker-0/INFO] - fabric_screen_handler_api_v1: 1.3.30+561530ec77
[14:04:09] [modloading-worker-0/INFO] - fabric_sound_api_v1: 1.0.13+4f23bd8477
[14:04:09] [modloading-worker-0/INFO] - fabric_transfer_api_v1: 3.3.5+631c9cd677
[14:04:09] [modloading-worker-0/INFO] - fabric_transitive_access_wideners_v1: 4.3.1+1880499877
[14:04:09] [modloading-worker-0/INFO] - forge: 47.3.7
[14:04:09] [modloading-worker-0/INFO] - forgeconfigapiport: 8.0.0
[14:04:09] [modloading-worker-0/INFO] - fusion: 1.2.4
[14:04:09] [modloading-worker-0/INFO] - geckolib: 4.7
[14:04:09] [modloading-worker-0/INFO] - glitchcore: 0.0.1.1
[14:04:09] [modloading-worker-0/INFO] - gravestone: 1.20.1-1.0.24
[14:04:09] [modloading-worker-0/INFO] - health_plus: 1.1.0
[14:04:09] [modloading-worker-0/INFO] - iceandfire: 2.1.13-1.20.1
[14:04:09] [modloading-worker-0/INFO] - immersive_armors: 1.6.1+1.20.1
[14:04:09] [modloading-worker-0/INFO] - itemfilters: 2001.1.0-build.59
[14:04:09] [modloading-worker-0/INFO] - jei: 15.20.0.106
[14:04:09] [modloading-worker-0/INFO] - jeresources: 1.4.0.247
[14:04:09] [modloading-worker-0/INFO] - justenoughbreeding: 1.5.0
[14:04:09] [modloading-worker-0/INFO] - justenoughprofessions: 3.0.1
[14:04:09] [modloading-worker-0/INFO] - justhammers: 2.0.3+mc1.20.1
[14:04:09] [modloading-worker-0/INFO] - legendary_monsters: 1.20.1
[14:04:09] [modloading-worker-0/INFO] - lootr: 0.7.35.90
[14:04:09] [modloading-worker-0/INFO] - mcda: 5.0.2
[14:04:09] [modloading-worker-0/INFO] - mcdar: 4.0.5
[14:04:09] [modloading-worker-0/INFO] - mcdw: 9.0.4
[14:04:09] [modloading-worker-0/INFO] - medievalorigins: 6.5.1+1.20.1-forge
[14:04:09] [modloading-worker-0/INFO] - minecraft: 1.20.1
[14:04:09] [modloading-worker-0/INFO] - mixinextras: 0.2.0-beta.8
[14:04:09] [modloading-worker-0/INFO] - mixinsquared: 0.1.2-beta.6
[14:04:09] [modloading-worker-0/INFO] - modmenu: 7.2.2
[14:04:09] [modloading-worker-0/INFO] - moremobvariants: 1.3.0.1
[14:04:09] [modloading-worker-0/INFO] - mousetweaks: 2.25.1
[14:04:09] [modloading-worker-0/INFO] - mr_dungeons_andtaverns: 3.0.3.f
[14:04:09] [modloading-worker-0/INFO] - mr_serversleep: 1-datapack
[14:04:09] [modloading-worker-0/INFO] - mutil: 6.1.1
[14:04:09] [modloading-worker-0/INFO] - myserveriscompatible: 1.0
[14:04:09] [modloading-worker-0/INFO] - naturalist: 4.0.3
[14:04:09] [modloading-worker-0/INFO] - naturescompass: 1.20.1-1.11.2-forge
[14:04:09] [modloading-worker-0/INFO] - octolib: 0.4.2
[14:04:09] [modloading-worker-0/INFO] - oreharvester: 1.4
[14:04:09] [modloading-worker-0/INFO] - origins: 1.20.1-1.10.0.9
[14:04:09] [modloading-worker-0/INFO] - pehkui: 3.8.2+1.20.1-forge
[14:04:09] [modloading-worker-0/INFO] - philipsruins: 4.6
[14:04:09] [modloading-worker-0/INFO] - playerrevive: 2.0.31
[14:04:09] [modloading-worker-0/INFO] - puffish_skills: 0.14.7
[14:04:09] [modloading-worker-0/INFO] - puffish_skills_origins: 0.2.0
[14:04:09] [modloading-worker-0/INFO] - raccompat: 0.1.3
[14:04:09] [modloading-worker-0/INFO] - ramcompat: 0.1.4
[14:04:09] [modloading-worker-0/INFO] - rarcompat: 0.1.7
[14:04:09] [modloading-worker-0/INFO] - reach_entity_attributes: 2.4.0
[14:04:09] [modloading-worker-0/INFO] - rechiseled: 1.1.6
[14:04:09] [modloading-worker-0/INFO] - relics: 0.8.0.7
[14:04:09] [modloading-worker-0/INFO] - right_click_get_crops: 1.6.0
[14:04:09] [modloading-worker-0/INFO] - roughlyenoughitems: 12.1.785
[14:04:09] [modloading-worker-0/INFO] - rubidium: 0.7.1
[14:04:09] [modloading-worker-0/INFO] - securitycraft: 1.9.12
[14:04:09] [modloading-worker-0/INFO] - spectrelib: 0.13.15+1.20.1
[14:04:09] [modloading-worker-0/INFO] - supermartijn642configlib: 1.1.8
[14:04:09] [modloading-worker-0/INFO] - supermartijn642corelib: 1.1.18
[14:04:09] [modloading-worker-0/INFO] - terrablender: 3.0.1.7
[14:04:09] [modloading-worker-0/INFO] - tetra: 6.8.0
[14:04:09] [modloading-worker-0/INFO] - travelersbackpack: 9.1.29
[14:04:09] [modloading-worker-0/INFO] - treeharvester: 9.1
[14:04:09] [modloading-worker-0/INFO] - unusualprehistory: 1.5.0.3
[14:04:09] [modloading-worker-0/INFO] - vminus: 3.2.7
[14:04:09] [modloading-worker-0/INFO] - waila: 8.16.1
[14:04:09] [modloading-worker-0/INFO] - wthit: 8.16.1
[14:04:09] [modloading-worker-0/INFO] - xaerominimap: 25.0.0
[14:04:09] [modloading-worker-0/INFO] ========================================
[14:04:09] [modloading-worker-0/INFO] [REI] Registered plugin provider FabricFluidAPISupportPlugin for REIServerPlugin
[14:04:09] [modloading-worker-0/INFO] [REI] Registered plugin provider FabricFluidAPISupportPlugin for REIPlugin
[14:04:09] [modloading-worker-0/INFO] [REI] Registered plugin provider DefaultPluginImpl [roughlyenoughitems] for REIServerPlugin
[14:04:09] [modloading-worker-0/INFO] [REI] Registered plugin provider DefaultPluginImpl [roughlyenoughitems] for REIPlugin
[14:04:09] [modloading-worker-0/INFO] [REI] Registered plugin provider DefaultRuntimePlugin [roughlyenoughitems] for REIServerPlugin
[14:04:09] [modloading-worker-0/INFO] [REI] Registered plugin provider DefaultRuntimePlugin [roughlyenoughitems] for REIPlugin
